{"ts":"2025-10-06T00:07:20+02:00","event":"mp_preference_created","context":{"pago":28,"registro":41,"preference":"1578491289-bf67323a-ab58-4254-a361-7df175452a1c","monto":120000,"moneda":"ARS"}}
{"ts":"2025-10-06T01:18:26+02:00","event":"mp_preference_created","context":{"pago":29,"registro":42,"preference":"1578491289-c2e507fe-78b9-414c-8185-5e936a5382fd","monto":120000,"moneda":"ARS"}}
{"ts":"2025-10-06T01:19:32+02:00","event":"mp_webhook_skip","context":{"reason":"sin_payment_id","query":{"id":"34531335962","topic":"merchant_order"},"body":{"resource":"https:\/\/api.mercadolibre.com\/merchant_orders\/34531335962","topic":"merchant_order"}}}
{"ts":"2025-10-06T01:19:33+02:00","event":"mp_webhook_skip","context":{"reason":"sin_payment_id","query":{"id":"128769938964","topic":"payment"},"body":{"resource":"128769938964","topic":"payment"}}}
{"ts":"2025-10-06T01:19:33+02:00","event":"mp_webhook_received","context":{"payment_id":"128769938964"}}
{"ts":"2025-10-06T01:19:33+02:00","event":"mp_webhook_error","context":{"error":"MercadoPago\\Client\\Payment\\PaymentClient::get(): Argument #1 ($id) must be of type int, string given, called in C:\\xampp\\htdocs\\intituto-formacion-de-operadores\\checkout\\mercadopago_common.php on line 202"}}
{"ts":"2025-10-06T01:19:33+02:00","event":"mp_webhook_skip","context":{"reason":"sin_payment_id","query":{"id":"34531335962","topic":"merchant_order"},"body":{"resource":"https:\/\/api.mercadolibre.com\/merchant_orders\/34531335962","topic":"merchant_order"}}}
{"ts":"2025-10-06T01:19:38+02:00","event":"mp_return_payment_error","context":{"payment_id":"128769938964"},"error":{"type":"TypeError","message":"MercadoPago\\Client\\Payment\\PaymentClient::get(): Argument #1 ($id) must be of type int, string given, called in C:\\xampp\\htdocs\\intituto-formacion-de-operadores\\checkout\\mercadopago_common.php on line 202"}}
{"ts":"2025-10-06T01:20:16+02:00","event":"mp_webhook_received","context":{"payment_id":"128769938964"}}
{"ts":"2025-10-06T01:20:16+02:00","event":"mp_webhook_error","context":{"error":"MercadoPago\\Client\\Payment\\PaymentClient::get(): Argument #1 ($id) must be of type int, string given, called in C:\\xampp\\htdocs\\intituto-formacion-de-operadores\\checkout\\mercadopago_common.php on line 202"}}
{"ts":"2025-10-06T01:20:17+02:00","event":"mp_webhook_received","context":{"payment_id":"128769938964"}}
{"ts":"2025-10-06T01:20:17+02:00","event":"mp_webhook_error","context":{"error":"MercadoPago\\Client\\Payment\\PaymentClient::get(): Argument #1 ($id) must be of type int, string given, called in C:\\xampp\\htdocs\\intituto-formacion-de-operadores\\checkout\\mercadopago_common.php on line 202"}}
{"ts":"2025-10-06T01:22:35+02:00","event":"mp_preference_created","context":{"pago":30,"registro":43,"preference":"1578491289-f42c69bc-6396-4406-bf39-1180725253a6","monto":120000,"moneda":"ARS"}}
{"ts":"2025-10-06T01:23:02+02:00","event":"mp_webhook_skip","context":{"reason":"sin_payment_id","query":{"id":"34507322845","topic":"merchant_order"},"body":{"resource":"https:\/\/api.mercadolibre.com\/merchant_orders\/34507322845","topic":"merchant_order"}}}
{"ts":"2025-10-06T01:23:04+02:00","event":"mp_webhook_skip","context":{"reason":"sin_payment_id","query":{"id":"128202252171","topic":"payment"},"body":{"resource":"128202252171","topic":"payment"}}}
{"ts":"2025-10-06T01:23:04+02:00","event":"mp_webhook_received","context":{"payment_id":"128202252171"}}
{"ts":"2025-10-06T01:23:04+02:00","event":"mp_webhook_error","context":{"error":"MercadoPago\\Client\\Payment\\PaymentClient::get(): Argument #1 ($id) must be of type int, string given, called in C:\\xampp\\htdocs\\intituto-formacion-de-operadores\\checkout\\mercadopago_common.php on line 202"}}
{"ts":"2025-10-06T01:23:04+02:00","event":"mp_webhook_skip","context":{"reason":"sin_payment_id","query":{"id":"34507322845","topic":"merchant_order"},"body":{"resource":"https:\/\/api.mercadolibre.com\/merchant_orders\/34507322845","topic":"merchant_order"}}}
{"ts":"2025-10-06T01:23:09+02:00","event":"mp_return_payment_error","context":{"payment_id":"128202252171"},"error":{"type":"TypeError","message":"MercadoPago\\Client\\Payment\\PaymentClient::get(): Argument #1 ($id) must be of type int, string given, called in C:\\xampp\\htdocs\\intituto-formacion-de-operadores\\checkout\\mercadopago_common.php on line 202"}}
{"ts":"2025-10-06T01:23:46+02:00","event":"mp_webhook_received","context":{"payment_id":"128202252171"}}
{"ts":"2025-10-06T01:23:46+02:00","event":"mp_webhook_error","context":{"error":"MercadoPago\\Client\\Payment\\PaymentClient::get(): Argument #1 ($id) must be of type int, string given, called in C:\\xampp\\htdocs\\intituto-formacion-de-operadores\\checkout\\mercadopago_common.php on line 202"}}
{"ts":"2025-10-06T01:23:47+02:00","event":"mp_webhook_received","context":{"payment_id":"128202252171"}}
{"ts":"2025-10-06T01:23:47+02:00","event":"mp_webhook_error","context":{"error":"MercadoPago\\Client\\Payment\\PaymentClient::get(): Argument #1 ($id) must be of type int, string given, called in C:\\xampp\\htdocs\\intituto-formacion-de-operadores\\checkout\\mercadopago_common.php on line 202"}}
{"ts":"2025-10-06T01:30:15+02:00","event":"mp_preference_created","context":{"pago":31,"registro":44,"preference":"1578491289-7e29e18f-be30-4018-8ea0-1328a62fea96","monto":99000,"moneda":"ARS"}}
{"ts":"2025-10-06T01:30:40+02:00","event":"mp_webhook_skip","context":{"reason":"sin_payment_id","query":{"id":"34531591204","topic":"merchant_order"},"body":{"resource":"https:\/\/api.mercadolibre.com\/merchant_orders\/34531591204","topic":"merchant_order"}}}
{"ts":"2025-10-06T01:30:41+02:00","event":"mp_webhook_skip","context":{"reason":"sin_payment_id","query":{"id":"128771190530","topic":"payment"},"body":{"resource":"128771190530","topic":"payment"}}}
{"ts":"2025-10-06T01:30:42+02:00","event":"mp_webhook_received","context":{"payment_id":"128771190530"}}
{"ts":"2025-10-06T01:30:42+02:00","event":"mp_webhook_error","context":{"error":"MercadoPago\\Client\\Payment\\PaymentClient::get(): Argument #1 ($id) must be of type int, string given, called in C:\\xampp\\htdocs\\intituto-formacion-de-operadores\\checkout\\mercadopago_common.php on line 202"}}
{"ts":"2025-10-06T01:30:42+02:00","event":"mp_webhook_skip","context":{"reason":"sin_payment_id","query":{"id":"34531591204","topic":"merchant_order"},"body":{"resource":"https:\/\/api.mercadolibre.com\/merchant_orders\/34531591204","topic":"merchant_order"}}}
{"ts":"2025-10-06T01:30:43+02:00","event":"mp_return_payment_error","context":{"payment_id":"128771190530"},"error":{"type":"TypeError","message":"MercadoPago\\Client\\Payment\\PaymentClient::get(): Argument #1 ($id) must be of type int, string given, called in C:\\xampp\\htdocs\\intituto-formacion-de-operadores\\checkout\\mercadopago_common.php on line 202"}}
{"ts":"2025-10-06T01:31:24+02:00","event":"mp_webhook_received","context":{"payment_id":"128771190530"}}
{"ts":"2025-10-06T01:31:24+02:00","event":"mp_webhook_error","context":{"error":"MercadoPago\\Client\\Payment\\PaymentClient::get(): Argument #1 ($id) must be of type int, string given, called in C:\\xampp\\htdocs\\intituto-formacion-de-operadores\\checkout\\mercadopago_common.php on line 202"}}
{"ts":"2025-10-06T01:31:24+02:00","event":"mp_webhook_received","context":{"payment_id":"128771190530"}}
{"ts":"2025-10-06T01:31:24+02:00","event":"mp_webhook_error","context":{"error":"MercadoPago\\Client\\Payment\\PaymentClient::get(): Argument #1 ($id) must be of type int, string given, called in C:\\xampp\\htdocs\\intituto-formacion-de-operadores\\checkout\\mercadopago_common.php on line 202"}}
{"ts":"2025-10-06T01:40:35+02:00","event":"mp_webhook_received","context":{"payment_id":"128202252171"}}
{"ts":"2025-10-06T01:40:49+02:00","event":"mp_webhook_received","context":{"payment_id":"128769938964"}}
{"ts":"2025-10-06T01:44:01+02:00","event":"mp_preference_created","context":{"pago":32,"registro":45,"preference":"1578491289-0366a544-4a36-482d-80c4-08273d8f0b28","monto":70000,"moneda":"ARS"}}
{"ts":"2025-10-06T01:44:32+02:00","event":"mp_webhook_skip","context":{"reason":"sin_payment_id","query":{"id":"34531906128","topic":"merchant_order"},"body":{"resource":"https:\/\/api.mercadolibre.com\/merchant_orders\/34531906128","topic":"merchant_order"}}}
{"ts":"2025-10-06T01:44:33+02:00","event":"mp_webhook_received","context":{"payment_id":"128204336075"}}
{"ts":"2025-10-06T01:44:33+02:00","event":"mp_webhook_skip","context":{"reason":"sin_payment_id","query":{"id":"128204336075","topic":"payment"},"body":{"resource":"128204336075","topic":"payment"}}}
{"ts":"2025-10-06T01:44:33+02:00","event":"mp_webhook_skip","context":{"reason":"sin_payment_id","query":{"id":"34531906128","topic":"merchant_order"},"body":{"resource":"https:\/\/api.mercadolibre.com\/merchant_orders\/34531906128","topic":"merchant_order"}}}
{"ts":"2025-10-06T01:51:19+02:00","event":"mp_webhook_received","context":{"payment_id":"128771190530"}}
{"ts":"2025-10-07T02:22:02+02:00","event":"mp_preference_created","context":{"pago":33,"registro":46,"preference":"1578491289-4dadeae1-e56d-4687-84fa-4c2023d8bc17","monto":120000,"moneda":"ARS"}}
{"ts":"2025-10-07T16:20:55+02:00","event":"mp_preference_created","context":{"pago":23,"registro":47,"preference":"1578491289-060e27fc-cafe-4336-8216-c9a1d1178fa7","monto":120000,"moneda":"ARS"}}
